生成启动时间为 2018/6/20 13:51:08。
     1>项目“C:\Users\lenovo\Documents\Visual Studio 2013\比特课后作业\Project9\Project9\Project9.vcxproj”在节点 2 上(Build 个目标)。
     1>ClCompile:
         D:\VS\VC\bin\CL.exe /c /ZI /nologo /W3 /WX- /sdl /Od /Oy- /D _MBCS /Gm /EHsc /RTC1 /MDd /GS /fp:precise /Zc:wchar_t /Zc:forScope /Fo"Debug\\" /Fd"Debug\vc120.pdb" /Gd /TC /analyze- /errorReport:prompt text.c
         text.c
     1>c:\users\lenovo\documents\visual studio 2013\比特课后作业\project9\project9\text.c(107): warning C4047: “=”:“int *”与“int”的间接级别不同
     1>c:\users\lenovo\documents\visual studio 2013\比特课后作业\project9\project9\text.c(121): warning C4047: “=”:“int”与“int *”的间接级别不同
     1>c:\users\lenovo\documents\visual studio 2013\比特课后作业\project9\project9\text.c(125): warning C4047: “=”:“int *”与“int”的间接级别不同
     1>c:\users\lenovo\documents\visual studio 2013\比特课后作业\project9\project9\text.c(143): warning C4047: “函数”:“int **”与“int [10]”的间接级别不同
     1>c:\users\lenovo\documents\visual studio 2013\比特课后作业\project9\project9\text.c(143): warning C4024: “init”: 形参和实参 1 的类型不同
     1>c:\users\lenovo\documents\visual studio 2013\比特课后作业\project9\project9\text.c(149): warning C4047: “函数”:“int **”与“int [10]”的间接级别不同
     1>c:\users\lenovo\documents\visual studio 2013\比特课后作业\project9\project9\text.c(149): warning C4024: “reverse”: 形参和实参 1 的类型不同
     1>c:\users\lenovo\documents\visual studio 2013\比特课后作业\project9\project9\text.c(156): warning C4047: “函数”:“int **”与“int [10]”的间接级别不同
     1>c:\users\lenovo\documents\visual studio 2013\比特课后作业\project9\project9\text.c(156): warning C4024: “empty”: 形参和实参 1 的类型不同
     1>c:\users\lenovo\documents\visual studio 2013\比特课后作业\project9\project9\text.c(163): warning C4013: “system”未定义；假设外部返回 int
       Link:
         D:\VS\VC\bin\link.exe /ERRORREPORT:PROMPT /OUT:"C:\Users\lenovo\Documents\Visual Studio 2013\比特课后作业\Project9\Debug\Project9.exe" /INCREMENTAL /NOLOGO kernel32.lib user32.lib gdi32.lib winspool.lib comdlg32.lib advapi32.lib shell32.lib ole32.lib oleaut32.lib uuid.lib odbc32.lib odbccp32.lib /MANIFEST /MANIFESTUAC:"level='asInvoker' uiAccess='false'" /manifest:embed /DEBUG /PDB:"C:\Users\lenovo\Documents\Visual Studio 2013\比特课后作业\Project9\Debug\Project9.pdb" /TLBID:1 /DYNAMICBASE /NXCOMPAT /IMPLIB:"C:\Users\lenovo\Documents\Visual Studio 2013\比特课后作业\Project9\Debug\Project9.lib" /MACHINE:X86 Debug\text.obj
         Project9.vcxproj -> C:\Users\lenovo\Documents\Visual Studio 2013\比特课后作业\Project9\Debug\Project9.exe
     1>已完成生成项目“C:\Users\lenovo\Documents\Visual Studio 2013\比特课后作业\Project9\Project9\Project9.vcxproj”(Build 个目标)的操作。

生成成功。

已用时间 00:00:00.64
